<?xml version="1.0" encoding="UTF-8"?>
<testng-results ignored="0" total="1" passed="1" failed="0" skipped="0">
  <reporter-output>
  </reporter-output>
  <suite started-at="2018-12-08T19:54:11Z" name="Default suite" finished-at="2018-12-08T19:54:19Z" duration-ms="8130">
    <groups>
    </groups>
    <test started-at="2018-12-08T19:54:11Z" name="Default test" finished-at="2018-12-08T19:54:19Z" duration-ms="8130">
      <class name="MavenHW.GoogleTest">
        <test-method is-config="true" signature="setup()[pri:0, instance:MavenHW.GoogleTest@7e7be63f]" started-at="2018-12-08T19:54:11Z" name="setup" finished-at="2018-12-08T19:54:19Z" duration-ms="7991" status="PASS">
          <reporter-output>
          </reporter-output>
        </test-method> <!-- setup -->
        <test-method signature="Page()[pri:0, instance:MavenHW.GoogleTest@7e7be63f]" started-at="2018-12-08T19:54:19Z" name="Page" finished-at="2018-12-08T19:54:19Z" duration-ms="13" status="PASS">
          <reporter-output>
          </reporter-output>
        </test-method> <!-- Page -->
        <test-method is-config="true" signature="Close()[pri:0, instance:MavenHW.GoogleTest@7e7be63f]" started-at="2018-12-08T19:54:19Z" name="Close" finished-at="2018-12-08T19:54:19Z" duration-ms="104" status="PASS">
          <reporter-output>
          </reporter-output>
        </test-method> <!-- Close -->
      </class> <!-- MavenHW.GoogleTest -->
    </test> <!-- Default test -->
  </suite> <!-- Default suite -->
</testng-results>
